[2022-11-14T20:05:12.715] [INFO] default - Método GET: ruta "/"
[2022-11-14T20:05:13.096] [WARN] default - Ruta /favicon.ico no existe.
[2022-11-14T20:05:15.304] [INFO] default - Método GET: ruta "/login"
[2022-11-14T20:05:15.513] [WARN] default - Ruta /favicon.ico no existe.
[2022-11-14T20:05:16.097] [INFO] default - Método GET: ruta "/info"
[2022-11-14T20:05:16.697] [WARN] default - Ruta /favicon.ico no existe.
[2022-11-14T20:05:24.781] [INFO] default - Método GET: ruta "/register"
[2022-11-14T20:05:24.961] [WARN] default - Ruta /favicon.ico no existe.
[2022-11-14T20:05:25.308] [INFO] default - Método GET: ruta "/login"
[2022-11-14T20:05:25.498] [WARN] default - Ruta /favicon.ico no existe.
[2022-11-14T20:05:31.397] [INFO] default - Método GET: ruta "/"
[2022-11-14T20:05:32.262] [WARN] default - Ruta /favicon.ico no existe.
[2022-11-14T20:05:34.065] [INFO] default - Método GET: ruta "/productos"
[2022-11-14T20:05:34.853] [WARN] default - Ruta /favicon.ico no existe.
[2022-11-14T20:05:36.460] [INFO] default - Método GET: ruta "/"
[2022-11-14T20:05:36.981] [WARN] default - Ruta /favicon.ico no existe.
[2022-11-14T20:05:38.410] [INFO] default - Método GET: ruta "/"
[2022-11-14T20:05:38.895] [WARN] default - Ruta /favicon.ico no existe.
[2022-11-14T20:05:39.981] [INFO] default - Método GET: ruta "/register"
[2022-11-14T20:05:40.478] [WARN] default - Ruta /favicon.ico no existe.
[2022-11-14T20:05:57.760] [INFO] default - Método POST: ruta "/register"
[2022-11-14T20:05:58.451] [INFO] default - Método GET: ruta "/login"
[2022-11-14T20:05:58.923] [WARN] default - Ruta /favicon.ico no existe.
[2022-11-14T20:06:08.632] [INFO] default - Método GET: ruta "/"
[2022-11-14T20:06:09.108] [WARN] default - Ruta /favicon.ico no existe.
[2022-11-14T20:17:55.267] [INFO] default - Método GET: ruta "/info"
[2022-11-14T20:17:55.472] [WARN] default - Ruta /favicon.ico no existe.
[2022-11-14T20:18:18.382] [INFO] default - Método GET: ruta "/productos"
[2022-11-14T20:18:18.569] [WARN] default - Ruta /favicon.ico no existe.
[2022-11-14T20:18:21.892] [WARN] default - Ruta /productos-zip no existe.
[2022-11-14T20:18:22.065] [WARN] default - Ruta /favicon.ico no existe.
[2022-11-14T20:39:51.758] [INFO] default - Método GET: ruta "/"
[2022-11-14T20:39:52.042] [WARN] default - Ruta /favicon.ico no existe.
[2022-11-14T20:39:53.956] [INFO] default - Método GET: ruta "/register"
[2022-11-14T20:39:54.169] [WARN] default - Ruta /favicon.ico no existe.
